<?xml version="1.0" encoding="UTF-8"?>
<!-- Generated by org.testng.reporters.JUnitXMLReporter -->
<testsuite ignored="0" hostname="DESKTOP-B94R4DD" failures="0" tests="2" name="Default test" time="44.291" errors="0" timestamp="2026-03-24T21:39:45 IST">
  <testcase classname="march24_TestNG.DynamicSearchAndListDropdown" name="dynamicSearchAndListDropdown_Exmple1" time="14.677"/>
  <testcase classname="march24_TestNG.DynamicSearchAndListDropdown" name="dynamicSearchAndListDropdown_Example2" time="14.531"/>
</testsuite> <!-- Default test -->
