<?xml version="1.0" encoding="UTF-8"?>
<!-- Generated by org.testng.reporters.JUnitXMLReporter -->
<testsuite ignored="0" hostname="DESKTOP-B94R4DD" failures="0" tests="2" name="Default test" time="52.733" errors="0" timestamp="2026-02-17T20:34:48 IST">
  <testcase classname="feb16_TestNG.DataDrivenWithDataProviderAnnotation" name="loginTest001" time="12.042"/>
  <testcase classname="feb16_TestNG.DataDrivenWithDataProviderAnnotation" name="loginTest001" time="11.312"/>
</testsuite> <!-- Default test -->
