<?xml version="1.0" encoding="UTF-8"?>
<!-- Generated by org.testng.reporters.JUnitXMLReporter -->
<testsuite ignored="0" hostname="DESKTOP-B94R4DD" failures="0" tests="8" name="Regression" time="102.125" errors="0" timestamp="2026-03-17T18:26:59 IST">
  <testcase classname="march16_TestNG.TC002_DynamicSearchAndListDropdown" name="dynamicSearchAndListDropdownExample1" time="20.679"/>
  <testcase classname="march16_TestNG.TC002_DynamicSearchAndListDropdown" name="dynamicSearchAndListDropdownExample2" time="14.138"/>
  <testcase classname="march16_TestNG.TC004_MouseHoverAndRightClickActionWithWindowHandles" name="mouseHoverRightClickAction" time="2.557"/>
  <testcase classname="march16_TestNG.TC004_MouseHoverAndRightClickActionWithWindowHandles" name="robotClass" time="2.202"/>
  <testcase classname="march16_TestNG.TC004_MouseHoverAndRightClickActionWithWindowHandles" name="windowHandlesforwardAndBackwardCursor" time="5.37"/>
  <testcase classname="march16_TestNG.TC001_StaticDropdownUsingSelectClass" name="staticDropdownSelectByIndex" time="8.836"/>
  <testcase classname="march16_TestNG.TC001_StaticDropdownUsingSelectClass" name="staticDropdownSelectByValue" time="7.113"/>
  <testcase classname="march16_TestNG.TC001_StaticDropdownUsingSelectClass" name="staticDropdownUsingSendKeysActions" time="8.066"/>
</testsuite> <!-- Regression -->
