<?xml version="1.0" encoding="UTF-8"?>
<!-- Generated by org.testng.reporters.JUnitXMLReporter -->
<testsuite ignored="0" hostname="DESKTOP-B94R4DD" failures="0" tests="5" name="Regression" time="54.887" errors="0" timestamp="2026-03-24T21:32:11 IST">
  <testcase classname="march24_TestNG.StaticDropdownBySelectClass" name="amazonStaticDropdown_SelectByValue" time="5.804"/>
  <testcase classname="march24_TestNG.StaticDropdownBySelectClass" name="amazonStaticDropdown_SelectByIndex" time="6.33"/>
  <testcase classname="march24_TestNG.StaticDropdownBySelectClass" name="amazonStaticDropdown_SelectBySendKeysAction" time="8.007"/>
  <testcase classname="march24_TestNG.DataDrivenWithDataProviderAnnotation" name="searchProd" time="1.72"/>
  <testcase classname="march24_TestNG.DataDrivenWithDataProviderAnnotation" name="searchProd" time="1.529"/>
</testsuite> <!-- Regression -->
