<?xml version="1.0" encoding="UTF-8"?>
<!-- Generated by org.testng.reporters.JUnitXMLReporter -->
<testsuite ignored="0" hostname="DESKTOP-B94R4DD" failures="0" tests="14" name="Test" time="342.315" errors="0" timestamp="2026-03-27T18:12:45 IST">
  <testcase classname="march27_TestNG.DynamicSearchAndListDropdown" name="dynamicSearchAndListDropdown_Example1" time="25.251"/>
  <testcase classname="march27_TestNG.DynamicSearchAndListDropdown" name="dynamicSearchAndListDropdown_Example2" time="29.219"/>
  <testcase classname="march27_TestNG.MouseHoverAction" name="mouseHoverAction" time="2.567"/>
  <testcase classname="march27_TestNG.MouseHoverAction" name="robotClass" time="1.356"/>
  <testcase classname="march27_TestNG.MouseHoverAction" name="windowHandle" time="3.448"/>
  <testcase classname="march27_TestNG.ExcelDriven" name="searchProd" time="22.193"/>
  <testcase classname="march27_TestNG.ExcelDriven" name="searchProd" time="23.61"/>
  <testcase classname="march27_TestNG.ExcelDriven" name="searchProd" time="29.032"/>
  <testcase classname="march27_TestNG.ExcelDriven" name="searchProd" time="17.256"/>
  <testcase classname="march27_TestNG.Example" name="amazon" time="19.262"/>
  <testcase classname="march27_TestNG.StaticDropdown" name="staticDropdown_SelectByValue" time="17.836"/>
  <testcase classname="march27_TestNG.StaticDropdown" name="staticDropdown_SelectByIndex" time="23.128"/>
  <testcase classname="march27_TestNG.StaticDropdown" name="staticDropdown_SelectSendKeysAction" time="16.843"/>
  <testcase classname="march27_TestNG.IframeHandle" name="iframe" time="11.622"/>
</testsuite> <!-- Test -->
