<?xml version="1.0" encoding="UTF-8"?>
<!-- Generated by org.testng.reporters.JUnitXMLReporter -->
<testsuite ignored="0" hostname="DESKTOP-B94R4DD" failures="3" tests="11" name="Test" time="103.108" errors="0" timestamp="2026-03-23T18:45:52 IST">
  <testcase classname="march23_TestNG.MouseHoverRightClickActionRobotClassAndWidnowHandles" name="mouseHoverRightClickAction" time="2.655"/>
  <testcase classname="march23_TestNG.MouseHoverRightClickActionRobotClassAndWidnowHandles" name="robotClass" time="1.131"/>
  <testcase classname="march23_TestNG.MouseHoverRightClickActionRobotClassAndWidnowHandles" name="windowHandles" time="2.161"/>
  <testcase classname="march23_TestNG.IframeWithWindowHandles" name="iframe" time="0.791"/>
  <testcase classname="march23_TestNG.IframeWithWindowHandles" name="windowHandles" time="5.144"/>
  <testcase classname="march23_TestNG.DataDrivenWithDataProviderAnnotation" name="flipkartProductSearch" time="0.0">
    <failure type="java.lang.RuntimeException" message="java.lang.ArrayIndexOutOfBoundsException: Index 1 out of bounds for length 1">
      <![CDATA[java.lang.RuntimeException: java.lang.ArrayIndexOutOfBoundsException: Index 1 out of bounds for length 1
at java.base/java.util.ArrayList.forEach(ArrayList.java:1596)
Caused by: java.lang.ArrayIndexOutOfBoundsException: Index 1 out of bounds for length 1
at march23_TestNG.DataDrivenWithDataProviderAnnotation.dataDriven(DataDrivenWithDataProviderAnnotation.java:44)
... 25 more
... Removed 30 stack frames]]>
    </failure>
  </testcase> <!-- flipkartProductSearch -->
  <testcase classname="march23_TestNG.StaticDropdown" name="staticDropdown_SelectByValue" time="7.908"/>
  <testcase classname="march23_TestNG.StaticDropdown" name="staticDropdown_SelectByIndex" time="8.798"/>
  <testcase classname="march23_TestNG.StaticDropdown" name="staticDropdown_SelectWithSendKeysAction" time="7.935"/>
  <testcase classname="march23_TestNG.DynamicSearchAndSelectListDropdown" name="dynamicSearchAndListDropdown_Example1" time="7.753">
    <failure type="org.openqa.selenium.StaleElementReferenceException" message="stale element reference: stale element not found in the current frame
  (Session info: chrome=146.0.7680.153)
For documentation on this error, please visit: https://www.selenium.dev/documentation/webdriver/troubleshooting/errors#staleelementreferenceexception
Build info: version: &amp;apos;4.40.0&amp;apos;, revision: &amp;apos;b3333f1&amp;apos;
System info: os.name: &amp;apos;Windows 11&amp;apos;, os.arch: &amp;apos;amd64&amp;apos;, os.version: &amp;apos;10.0&amp;apos;, java.version: &amp;apos;21.0.7&amp;apos;
Driver info: org.openqa.selenium.chrome.ChromeDriver
Command: [59c9a872082f08562a9d18dc7ebcff25, clickElement {id=f.459360B7437560C06E84CC008A24C4C5.d.12065CBE727CDDD43CBBC472D0EA3023.e.255}]
Capabilities {acceptInsecureCerts: false, browserName: chrome, browserVersion: 146.0.7680.153, chrome: {chromedriverVersion: 146.0.7680.153 (85fd829a1b2..., userDataDir: C:\Users\suraj\AppData\Loca...}, fedcm:accounts: true, goog:chromeOptions: {debuggerAddress: localhost:57559}, goog:processID: 14972, networkConnectionEnabled: false, pageLoadStrategy: normal, platformName: windows, proxy: Proxy(), se:cdp: ws://localhost:57559/devtoo..., se:cdpVersion: 146.0.7680.153, setWindowRect: true, strictFileInteractability: false, timeouts: {implicit: 0, pageLoad: 300000, script: 30000}, unhandledPromptBehavior: dismiss and notify, webauthn:extension:credBlob: true, webauthn:extension:largeBlob: true, webauthn:extension:minPinLength: true, webauthn:extension:prf: true, webauthn:virtualAuthenticators: true}
Element: [[ChromeDriver: chrome on windows (59c9a872082f08562a9d18dc7ebcff25)] -&amp;gt; xpath: //span[@class=&amp;apos;s-heavy&amp;apos;]]
Session ID: 59c9a872082f08562a9d18dc7ebcff25">
      <![CDATA[org.openqa.selenium.StaleElementReferenceException: stale element reference: stale element not found in the current frame
  (Session info: chrome=146.0.7680.153)
For documentation on this error, please visit: https://www.selenium.dev/documentation/webdriver/troubleshooting/errors#staleelementreferenceexception
Build info: version: '4.40.0', revision: 'b3333f1'
System info: os.name: 'Windows 11', os.arch: 'amd64', os.version: '10.0', java.version: '21.0.7'
Driver info: org.openqa.selenium.chrome.ChromeDriver
Command: [59c9a872082f08562a9d18dc7ebcff25, clickElement {id=f.459360B7437560C06E84CC008A24C4C5.d.12065CBE727CDDD43CBBC472D0EA3023.e.255}]
Capabilities {acceptInsecureCerts: false, browserName: chrome, browserVersion: 146.0.7680.153, chrome: {chromedriverVersion: 146.0.7680.153 (85fd829a1b2..., userDataDir: C:\Users\suraj\AppData\Loca...}, fedcm:accounts: true, goog:chromeOptions: {debuggerAddress: localhost:57559}, goog:processID: 14972, networkConnectionEnabled: false, pageLoadStrategy: normal, platformName: windows, proxy: Proxy(), se:cdp: ws://localhost:57559/devtoo..., se:cdpVersion: 146.0.7680.153, setWindowRect: true, strictFileInteractability: false, timeouts: {implicit: 0, pageLoad: 300000, script: 30000}, unhandledPromptBehavior: dismiss and notify, webauthn:extension:credBlob: true, webauthn:extension:largeBlob: true, webauthn:extension:minPinLength: true, webauthn:extension:prf: true, webauthn:virtualAuthenticators: true}
Element: [[ChromeDriver: chrome on windows (59c9a872082f08562a9d18dc7ebcff25)] -> xpath: //span[@class='s-heavy']]
Session ID: 59c9a872082f08562a9d18dc7ebcff25
at org.openqa.selenium.remote.ErrorCodec.decode(ErrorCodec.java:169)
at org.openqa.selenium.remote.codec.w3c.W3CHttpResponseCodec.decode(W3CHttpResponseCodec.java:142)
at org.openqa.selenium.remote.codec.w3c.W3CHttpResponseCodec.decode(W3CHttpResponseCodec.java:49)
at org.openqa.selenium.remote.HttpCommandExecutor.execute(HttpCommandExecutor.java:223)
at org.openqa.selenium.remote.service.DriverCommandExecutor.invokeExecute(DriverCommandExecutor.java:216)
at org.openqa.selenium.remote.service.DriverCommandExecutor.execute(DriverCommandExecutor.java:174)
at org.openqa.selenium.remote.RemoteWebDriver.execute(RemoteWebDriver.java:601)
at org.openqa.selenium.remote.RemoteWebElement.execute(RemoteWebElement.java:223)
at org.openqa.selenium.remote.RemoteWebElement.click(RemoteWebElement.java:76)
at march23_TestNG.DynamicSearchAndSelectListDropdown.dynamicSearchAndListDropdown_Example1(DynamicSearchAndSelectListDropdown.java:41)
at java.base/java.util.ArrayList.forEach(ArrayList.java:1596)
... Removed 25 stack frames]]>
    </failure>
  </testcase> <!-- dynamicSearchAndListDropdown_Example1 -->
  <testcase classname="march23_TestNG.DynamicSearchAndSelectListDropdown" name="dynamicSearchAndListDropdown_Example2" time="7.761">
    <failure type="org.openqa.selenium.StaleElementReferenceException" message="stale element reference: stale element not found in the current frame
  (Session info: chrome=146.0.7680.153)
For documentation on this error, please visit: https://www.selenium.dev/documentation/webdriver/troubleshooting/errors#staleelementreferenceexception
Build info: version: &amp;apos;4.40.0&amp;apos;, revision: &amp;apos;b3333f1&amp;apos;
System info: os.name: &amp;apos;Windows 11&amp;apos;, os.arch: &amp;apos;amd64&amp;apos;, os.version: &amp;apos;10.0&amp;apos;, java.version: &amp;apos;21.0.7&amp;apos;
Driver info: org.openqa.selenium.chrome.ChromeDriver
Command: [08ed7f6b6b450ca591f34b2934b092ad, getElementText {id=f.BF967C5B0CDADFDB57F5C9F8B2F2A5AD.d.BFC20D238F7F87D2255B744383614DFB.e.239}]
Capabilities {acceptInsecureCerts: false, browserName: chrome, browserVersion: 146.0.7680.153, chrome: {chromedriverVersion: 146.0.7680.153 (85fd829a1b2..., userDataDir: C:\Users\suraj\AppData\Loca...}, fedcm:accounts: true, goog:chromeOptions: {debuggerAddress: localhost:62414}, goog:processID: 4156, networkConnectionEnabled: false, pageLoadStrategy: normal, platformName: windows, proxy: Proxy(), se:cdp: ws://localhost:62414/devtoo..., se:cdpVersion: 146.0.7680.153, setWindowRect: true, strictFileInteractability: false, timeouts: {implicit: 0, pageLoad: 300000, script: 30000}, unhandledPromptBehavior: dismiss and notify, webauthn:extension:credBlob: true, webauthn:extension:largeBlob: true, webauthn:extension:minPinLength: true, webauthn:extension:prf: true, webauthn:virtualAuthenticators: true}
Element: [[ChromeDriver: chrome on windows (08ed7f6b6b450ca591f34b2934b092ad)] -&amp;gt; xpath: //span[@class=&amp;apos;s-heavy&amp;apos;]]
Session ID: 08ed7f6b6b450ca591f34b2934b092ad">
      <![CDATA[org.openqa.selenium.StaleElementReferenceException: stale element reference: stale element not found in the current frame
  (Session info: chrome=146.0.7680.153)
For documentation on this error, please visit: https://www.selenium.dev/documentation/webdriver/troubleshooting/errors#staleelementreferenceexception
Build info: version: '4.40.0', revision: 'b3333f1'
System info: os.name: 'Windows 11', os.arch: 'amd64', os.version: '10.0', java.version: '21.0.7'
Driver info: org.openqa.selenium.chrome.ChromeDriver
Command: [08ed7f6b6b450ca591f34b2934b092ad, getElementText {id=f.BF967C5B0CDADFDB57F5C9F8B2F2A5AD.d.BFC20D238F7F87D2255B744383614DFB.e.239}]
Capabilities {acceptInsecureCerts: false, browserName: chrome, browserVersion: 146.0.7680.153, chrome: {chromedriverVersion: 146.0.7680.153 (85fd829a1b2..., userDataDir: C:\Users\suraj\AppData\Loca...}, fedcm:accounts: true, goog:chromeOptions: {debuggerAddress: localhost:62414}, goog:processID: 4156, networkConnectionEnabled: false, pageLoadStrategy: normal, platformName: windows, proxy: Proxy(), se:cdp: ws://localhost:62414/devtoo..., se:cdpVersion: 146.0.7680.153, setWindowRect: true, strictFileInteractability: false, timeouts: {implicit: 0, pageLoad: 300000, script: 30000}, unhandledPromptBehavior: dismiss and notify, webauthn:extension:credBlob: true, webauthn:extension:largeBlob: true, webauthn:extension:minPinLength: true, webauthn:extension:prf: true, webauthn:virtualAuthenticators: true}
Element: [[ChromeDriver: chrome on windows (08ed7f6b6b450ca591f34b2934b092ad)] -> xpath: //span[@class='s-heavy']]
Session ID: 08ed7f6b6b450ca591f34b2934b092ad
at org.openqa.selenium.remote.ErrorCodec.decode(ErrorCodec.java:169)
at org.openqa.selenium.remote.codec.w3c.W3CHttpResponseCodec.decode(W3CHttpResponseCodec.java:142)
at org.openqa.selenium.remote.codec.w3c.W3CHttpResponseCodec.decode(W3CHttpResponseCodec.java:49)
at org.openqa.selenium.remote.HttpCommandExecutor.execute(HttpCommandExecutor.java:223)
at org.openqa.selenium.remote.service.DriverCommandExecutor.invokeExecute(DriverCommandExecutor.java:216)
at org.openqa.selenium.remote.service.DriverCommandExecutor.execute(DriverCommandExecutor.java:174)
at org.openqa.selenium.remote.RemoteWebDriver.execute(RemoteWebDriver.java:601)
at org.openqa.selenium.remote.RemoteWebElement.execute(RemoteWebElement.java:223)
at org.openqa.selenium.remote.RemoteWebElement.getText(RemoteWebElement.java:191)
at march23_TestNG.DynamicSearchAndSelectListDropdown.dynamicSearchAndListDropdown_Example2(DynamicSearchAndSelectListDropdown.java:62)
at java.base/java.util.ArrayList.forEach(ArrayList.java:1596)
... Removed 25 stack frames]]>
    </failure>
  </testcase> <!-- dynamicSearchAndListDropdown_Example2 -->
</testsuite> <!-- Test -->
