<?xml version="1.0" encoding="UTF-8"?>
<testng-results ignored="0" total="2" passed="2" failed="0" skipped="0">
  <reporter-output>
  </reporter-output>
  <suite started-at="2026-02-23T00:14:59 IST" name="Default suite" finished-at="2026-02-23T00:15:36 IST" duration-ms="36751">
    <groups>
    </groups>
    <test started-at="2026-02-23T00:14:59 IST" name="Default test" finished-at="2026-02-23T00:15:36 IST" duration-ms="36751">
      <class name="feb22_TestNG.DataDrivenWithDataProviderAnnotation">
        <test-method is-config="true" signature="setup()[pri:0, instance:feb22_TestNG.DataDrivenWithDataProviderAnnotation@4c402120]" started-at="2026-02-23T00:14:59 IST" name="setup" finished-at="2026-02-23T00:15:03 IST" duration-ms="4130" status="PASS">
          <reporter-output>
          </reporter-output>
        </test-method> <!-- setup -->
        <test-method signature="searchProducts(java.lang.String)[pri:0, instance:feb22_TestNG.DataDrivenWithDataProviderAnnotation@4c402120]" started-at="2026-02-23T00:15:03 IST" name="searchProducts" data-provider="searchItems" finished-at="2026-02-23T00:15:15 IST" duration-ms="11591" status="PASS">
          <params>
            <param index="0">
              <value>
                <![CDATA[mobile]]>
              </value>
            </param>
          </params>
          <reporter-output>
          </reporter-output>
        </test-method> <!-- searchProducts -->
        <test-method is-config="true" signature="tearDown()[pri:0, instance:feb22_TestNG.DataDrivenWithDataProviderAnnotation@4c402120]" started-at="2026-02-23T00:15:15 IST" name="tearDown" finished-at="2026-02-23T00:15:18 IST" duration-ms="3309" status="PASS">
          <reporter-output>
          </reporter-output>
        </test-method> <!-- tearDown -->
        <test-method is-config="true" signature="setup()[pri:0, instance:feb22_TestNG.DataDrivenWithDataProviderAnnotation@4c402120]" started-at="2026-02-23T00:15:18 IST" name="setup" finished-at="2026-02-23T00:15:22 IST" duration-ms="4220" status="PASS">
          <reporter-output>
          </reporter-output>
        </test-method> <!-- setup -->
        <test-method signature="searchProducts(java.lang.String)[pri:0, instance:feb22_TestNG.DataDrivenWithDataProviderAnnotation@4c402120]" started-at="2026-02-23T00:15:22 IST" name="searchProducts" data-provider="searchItems" finished-at="2026-02-23T00:15:33 IST" duration-ms="10110" status="PASS">
          <params>
            <param index="0">
              <value>
                <![CDATA[laptop]]>
              </value>
            </param>
          </params>
          <reporter-output>
          </reporter-output>
        </test-method> <!-- searchProducts -->
        <test-method is-config="true" signature="tearDown()[pri:0, instance:feb22_TestNG.DataDrivenWithDataProviderAnnotation@4c402120]" started-at="2026-02-23T00:15:33 IST" name="tearDown" finished-at="2026-02-23T00:15:36 IST" duration-ms="3283" status="PASS">
          <reporter-output>
          </reporter-output>
        </test-method> <!-- tearDown -->
      </class> <!-- feb22_TestNG.DataDrivenWithDataProviderAnnotation -->
    </test> <!-- Default test -->
  </suite> <!-- Default suite -->
</testng-results>
