<?xml version="1.0" encoding="UTF-8"?>
<testng-results ignored="0" total="2" passed="2" failed="0" skipped="0">
  <reporter-output>
  </reporter-output>
  <suite started-at="2026-03-24T21:39:01 IST" name="Default suite" finished-at="2026-03-24T21:39:45 IST" duration-ms="44291">
    <groups>
    </groups>
    <test started-at="2026-03-24T21:39:01 IST" name="Default test" finished-at="2026-03-24T21:39:45 IST" duration-ms="44291">
      <class name="march24_TestNG.DynamicSearchAndListDropdown">
        <test-method is-config="true" signature="setup()[pri:0, instance:march24_TestNG.DynamicSearchAndListDropdown@45752059]" started-at="2026-03-24T21:39:01 IST" name="setup" finished-at="2026-03-24T21:39:07 IST" duration-ms="6066" status="PASS">
          <reporter-output>
          </reporter-output>
        </test-method> <!-- setup -->
        <test-method signature="dynamicSearchAndListDropdown_Exmple1()[pri:1, instance:march24_TestNG.DynamicSearchAndListDropdown@45752059]" started-at="2026-03-24T21:39:07 IST" name="dynamicSearchAndListDropdown_Exmple1" finished-at="2026-03-24T21:39:21 IST" duration-ms="14677" status="PASS">
          <reporter-output>
          </reporter-output>
        </test-method> <!-- dynamicSearchAndListDropdown_Exmple1 -->
        <test-method is-config="true" signature="tearDown()[pri:0, instance:march24_TestNG.DynamicSearchAndListDropdown@45752059]" started-at="2026-03-24T21:39:21 IST" name="tearDown" finished-at="2026-03-24T21:39:22 IST" duration-ms="367" status="PASS">
          <reporter-output>
          </reporter-output>
        </test-method> <!-- tearDown -->
        <test-method is-config="true" signature="setup()[pri:0, instance:march24_TestNG.DynamicSearchAndListDropdown@45752059]" started-at="2026-03-24T21:39:22 IST" name="setup" finished-at="2026-03-24T21:39:28 IST" duration-ms="5957" status="PASS">
          <reporter-output>
          </reporter-output>
        </test-method> <!-- setup -->
        <test-method signature="dynamicSearchAndListDropdown_Example2()[pri:2, instance:march24_TestNG.DynamicSearchAndListDropdown@45752059]" started-at="2026-03-24T21:39:28 IST" name="dynamicSearchAndListDropdown_Example2" finished-at="2026-03-24T21:39:42 IST" duration-ms="14531" status="PASS">
          <reporter-output>
          </reporter-output>
        </test-method> <!-- dynamicSearchAndListDropdown_Example2 -->
        <test-method is-config="true" signature="tearDown()[pri:0, instance:march24_TestNG.DynamicSearchAndListDropdown@45752059]" started-at="2026-03-24T21:39:42 IST" name="tearDown" finished-at="2026-03-24T21:39:45 IST" duration-ms="2598" status="PASS">
          <reporter-output>
          </reporter-output>
        </test-method> <!-- tearDown -->
      </class> <!-- march24_TestNG.DynamicSearchAndListDropdown -->
    </test> <!-- Default test -->
  </suite> <!-- Default suite -->
</testng-results>
