<?xml version="1.0" encoding="UTF-8"?>
<!-- Generated by org.testng.reporters.JUnitReportReporter -->
<testsuite hostname="DESKTOP-B94R4DD" failures="0" tests="2" name="feb16_TestNG.DataDrivenWithDataProviderAnnotation" time="52.572" errors="0" timestamp="2026-02-17T20:34:49 IST" skipped="0">
  <testcase classname="feb16_TestNG.DataDrivenWithDataProviderAnnotation" name="loginTest001" time="18.083"/>
  <testcase classname="feb16_TestNG.DataDrivenWithDataProviderAnnotation" name="loginTest001" time="34.489"/>
</testsuite> <!-- feb16_TestNG.DataDrivenWithDataProviderAnnotation -->
