<?xml version="1.0" encoding="UTF-8"?>
<!-- Generated by org.testng.reporters.JUnitReportReporter -->
<testsuite hostname="DESKTOP-B94R4DD" failures="0" tests="3" name="march13_TestNG.TC002_MouseHoverActionAndWindowHandle" time="5.625" errors="0" timestamp="2026-03-13T16:38:11 IST" skipped="0">
  <testcase classname="march13_TestNG.TC002_MouseHoverActionAndWindowHandle" name="RightClickMouseHoverAction" time="1.851"/>
  <testcase classname="march13_TestNG.TC002_MouseHoverActionAndWindowHandle" name="robotClass" time="1.140"/>
  <testcase classname="march13_TestNG.TC002_MouseHoverActionAndWindowHandle" name="windowHandles" time="2.634"/>
</testsuite> <!-- march13_TestNG.TC002_MouseHoverActionAndWindowHandle -->
