<?xml version="1.0" encoding="UTF-8"?>
<!-- Generated by org.testng.reporters.JUnitReportReporter -->
<testsuite hostname="DESKTOP-B94R4DD" failures="0" tests="4" name="march03_TestNG.DataDrivenWithDataProviderAnnotation" time="74.029" errors="0" timestamp="2026-03-05T17:22:10 IST" skipped="0">
  <testcase classname="march03_TestNG.DataDrivenWithDataProviderAnnotation" name="loginTest" time="23.732"/>
  <testcase classname="march03_TestNG.DataDrivenWithDataProviderAnnotation" name="loginTest" time="19.862"/>
  <testcase classname="march03_TestNG.DataDrivenWithDataProviderAnnotation" name="loginTest" time="11.930"/>
  <testcase classname="march03_TestNG.DataDrivenWithDataProviderAnnotation" name="loginTest" time="18.505"/>
</testsuite> <!-- march03_TestNG.DataDrivenWithDataProviderAnnotation -->
