<?xml version="1.0" encoding="UTF-8"?>
<!-- Generated by org.testng.reporters.JUnitReportReporter -->
<testsuite hostname="DESKTOP-B94R4DD" failures="0" tests="2" name="feb22_TestNG.DataDrivenWithDataProviderAnnotation" time="36.643" errors="0" timestamp="2026-02-23T00:15:36 IST" skipped="0">
  <testcase classname="feb22_TestNG.DataDrivenWithDataProviderAnnotation" name="searchProducts" time="19.004"/>
  <testcase classname="feb22_TestNG.DataDrivenWithDataProviderAnnotation" name="searchProducts" time="17.639"/>
</testsuite> <!-- feb22_TestNG.DataDrivenWithDataProviderAnnotation -->
