<?xml version="1.0" encoding="UTF-8"?>
<!-- Generated by org.testng.reporters.JUnitReportReporter -->
<testsuite hostname="DESKTOP-B94R4DD" failures="0" tests="3" name="march16_TestNG.TC004_MouseHoverAndRightClickActionWithWindowHandles" time="10.020" errors="0" timestamp="2026-03-17T18:14:12 IST" skipped="0">
  <testcase classname="march16_TestNG.TC004_MouseHoverAndRightClickActionWithWindowHandles" name="mouseHoverRightClickAction" time="2.641"/>
  <testcase classname="march16_TestNG.TC004_MouseHoverAndRightClickActionWithWindowHandles" name="robotClass" time="2.118"/>
  <testcase classname="march16_TestNG.TC004_MouseHoverAndRightClickActionWithWindowHandles" name="windowHandlesforwardAndBackwardCursor" time="5.261"/>
</testsuite> <!-- march16_TestNG.TC004_MouseHoverAndRightClickActionWithWindowHandles -->
