<?xml version="1.0" encoding="UTF-8"?>
<!-- Generated by org.testng.reporters.JUnitReportReporter -->
<testsuite hostname="DESKTOP-B94R4DD" failures="0" tests="2" name="march23_TestNG.IframeWithWindowHandles" time="5.935" errors="0" timestamp="2026-03-23T18:45:52 IST" skipped="0">
  <testcase classname="march23_TestNG.IframeWithWindowHandles" name="iframe" time="0.791"/>
  <testcase classname="march23_TestNG.IframeWithWindowHandles" name="windowHandles" time="5.144"/>
</testsuite> <!-- march23_TestNG.IframeWithWindowHandles -->
