<?xml version="1.0" encoding="UTF-8"?>
<!-- Generated by org.testng.reporters.JUnitReportReporter -->
<testsuite hostname="DESKTOP-B94R4DD" failures="0" tests="2" name="march13_TestNG.TC004_DynamicSearchAndListDropdown" time="51.231" errors="0" timestamp="2026-03-13T17:36:23 IST" skipped="0">
  <testcase classname="march13_TestNG.TC004_DynamicSearchAndListDropdown" name="tc001_dynamicSearchAndListDropdownClick" time="26.388"/>
  <testcase classname="march13_TestNG.TC004_DynamicSearchAndListDropdown" name="tc002_dynamicSearchAndListDropdownClick" time="24.843"/>
</testsuite> <!-- march13_TestNG.TC004_DynamicSearchAndListDropdown -->
