<?xml version="1.0" encoding="UTF-8"?>
<!-- Generated by org.testng.reporters.JUnitReportReporter -->
<testsuite hostname="DESKTOP-B94R4DD" failures="0" tests="1" name="feb26_TestNG.MouseHoverRobotClassAndWindowHandles" time="4.012" errors="0" timestamp="2026-02-28T15:35:00 IST" skipped="0">
  <testcase classname="feb26_TestNG.MouseHoverRobotClassAndWindowHandles" name="mouseHoverRightClickRobotClassAndWindowHandle" time="4.012"/>
</testsuite> <!-- feb26_TestNG.MouseHoverRobotClassAndWindowHandles -->
