<?xml version="1.0" encoding="UTF-8"?>
<!-- Generated by org.testng.reporters.JUnitReportReporter -->
<testsuite hostname="DESKTOP-B94R4DD" failures="0" tests="3" name="march16_TestNG.TC004_MouseHoverAndRightClickActionWithWindowHandles" time="10.129" errors="0" timestamp="2026-03-17T18:26:59 IST" skipped="0">
  <testcase classname="march16_TestNG.TC004_MouseHoverAndRightClickActionWithWindowHandles" name="mouseHoverRightClickAction" time="2.557"/>
  <testcase classname="march16_TestNG.TC004_MouseHoverAndRightClickActionWithWindowHandles" name="robotClass" time="2.202"/>
  <testcase classname="march16_TestNG.TC004_MouseHoverAndRightClickActionWithWindowHandles" name="windowHandlesforwardAndBackwardCursor" time="5.370"/>
</testsuite> <!-- march16_TestNG.TC004_MouseHoverAndRightClickActionWithWindowHandles -->
