<?xml version="1.0" encoding="UTF-8"?>
<!-- Generated by org.testng.reporters.JUnitReportReporter -->
<testsuite hostname="DESKTOP-B94R4DD" failures="0" tests="4" name="march07_TestNG.DataDrivenWithDataProviderAnnotation" time="66.606" errors="0" timestamp="2026-03-07T23:21:15 IST" skipped="0">
  <testcase classname="march07_TestNG.DataDrivenWithDataProviderAnnotation" name="productSearchTC001" time="18.678"/>
  <testcase classname="march07_TestNG.DataDrivenWithDataProviderAnnotation" name="productSearchTC001" time="17.479"/>
  <testcase classname="march07_TestNG.DataDrivenWithDataProviderAnnotation" name="productSearchTC001" time="15.239"/>
  <testcase classname="march07_TestNG.DataDrivenWithDataProviderAnnotation" name="productSearchTC001" time="15.210"/>
</testsuite> <!-- march07_TestNG.DataDrivenWithDataProviderAnnotation -->
