<?xml version="1.0" encoding="UTF-8"?>
<!-- Generated by org.testng.reporters.JUnitReportReporter -->
<testsuite hostname="DESKTOP-B94R4DD" failures="0" tests="2" name="march16_TestNG.TC002_DynamicSearchAndListDropdown" time="72.769" errors="0" timestamp="2026-03-17T17:34:01 IST" skipped="0">
  <testcase classname="march16_TestNG.TC002_DynamicSearchAndListDropdown" name="dynamicSearchAndListDropdownExample1" time="52.349"/>
  <testcase classname="march16_TestNG.TC002_DynamicSearchAndListDropdown" name="dynamicSearchAndListDropdownExample2" time="20.420"/>
</testsuite> <!-- march16_TestNG.TC002_DynamicSearchAndListDropdown -->
