<?xml version="1.0" encoding="UTF-8"?>
<!-- Generated by org.testng.reporters.JUnitReportReporter -->
<testsuite hostname="DESKTOP-B94R4DD" failures="0" tests="3" name="march27_TestNG.StaticDropdown" time="83.109" errors="0" timestamp="2026-03-27T18:12:46 IST" skipped="0">
  <testcase classname="march27_TestNG.StaticDropdown" name="staticDropdown_SelectByValue" time="27.347"/>
  <testcase classname="march27_TestNG.StaticDropdown" name="staticDropdown_SelectByIndex" time="30.207"/>
  <testcase classname="march27_TestNG.StaticDropdown" name="staticDropdown_SelectSendKeysAction" time="25.555"/>
</testsuite> <!-- march27_TestNG.StaticDropdown -->
