<?xml version="1.0" encoding="UTF-8"?>
<!-- Generated by org.testng.reporters.JUnitReportReporter -->
<testsuite hostname="DESKTOP-B94R4DD" failures="0" tests="2" name="feb16_TestNG.IframeAndWindowHandles" time="2.354" errors="0" timestamp="2026-02-16T16:29:57 IST" skipped="0">
  <testcase classname="feb16_TestNG.IframeAndWindowHandles" name="iframe" time="1.008"/>
  <testcase classname="feb16_TestNG.IframeAndWindowHandles" name="windowHandles" time="1.346"/>
</testsuite> <!-- feb16_TestNG.IframeAndWindowHandles -->
