<?xml version="1.0" encoding="UTF-8"?>
<!-- Generated by org.testng.reporters.JUnitReportReporter -->
<testsuite hostname="DESKTOP-B94R4DD" failures="0" tests="4" name="march27_TestNG.ExcelDriven" time="119.905" errors="0" timestamp="2026-03-27T18:12:46 IST" skipped="0">
  <testcase classname="march27_TestNG.ExcelDriven" name="searchProd" time="35.816"/>
  <testcase classname="march27_TestNG.ExcelDriven" name="searchProd" time="24.407"/>
  <testcase classname="march27_TestNG.ExcelDriven" name="searchProd" time="28.885"/>
  <testcase classname="march27_TestNG.ExcelDriven" name="searchProd" time="30.797"/>
</testsuite> <!-- march27_TestNG.ExcelDriven -->
