<?xml version="1.0" encoding="UTF-8"?>
<!-- Generated by org.testng.reporters.JUnitReportReporter -->
<testsuite hostname="DESKTOP-B94R4DD" failures="0" tests="3" name="march24_TestNG.MouseHoverActionAndRobotClass" time="4.491" errors="0" timestamp="2026-03-24T21:33:23 IST" skipped="0">
  <testcase classname="march24_TestNG.MouseHoverActionAndRobotClass" name="mouseHoverRightClickAction" time="1.434"/>
  <testcase classname="march24_TestNG.MouseHoverActionAndRobotClass" name="robotClass" time="1.157"/>
  <testcase classname="march24_TestNG.MouseHoverActionAndRobotClass" name="windowHandles" time="1.900"/>
</testsuite> <!-- march24_TestNG.MouseHoverActionAndRobotClass -->
