<?xml version="1.0" encoding="UTF-8"?>
<!-- Generated by org.testng.reporters.JUnitReportReporter -->
<testsuite hostname="DESKTOP-B94R4DD" failures="0" tests="3" name="march09_TestNG.StaticDropdown" time="70.936" errors="0" timestamp="2026-03-09T17:06:47 IST" skipped="0">
  <testcase classname="march09_TestNG.StaticDropdown" name="staticDropdownExample1_SelectByValue" time="27.207"/>
  <testcase classname="march09_TestNG.StaticDropdown" name="staticDropdownExample2_SelectByIndex" time="20.105"/>
  <testcase classname="march09_TestNG.StaticDropdown" name="staticDropdownExample3_UsingSendKeysAction" time="23.624"/>
</testsuite> <!-- march09_TestNG.StaticDropdown -->
