<?xml version="1.0" encoding="UTF-8"?>
<!-- Generated by org.testng.reporters.JUnitReportReporter -->
<testsuite hostname="DESKTOP-B94R4DD" failures="0" tests="3" name="march09_TestNG.MouseHoverRobotClassWithWindowHandles" time="5.161" errors="0" timestamp="2026-03-10T00:48:06 IST" skipped="0">
  <testcase classname="march09_TestNG.MouseHoverRobotClassWithWindowHandles" name="mouseHoverAndRightClickUsingActionMethod" time="0.745"/>
  <testcase classname="march09_TestNG.MouseHoverRobotClassWithWindowHandles" name="robot" time="1.149"/>
  <testcase classname="march09_TestNG.MouseHoverRobotClassWithWindowHandles" name="windowHandles" time="3.267"/>
</testsuite> <!-- march09_TestNG.MouseHoverRobotClassWithWindowHandles -->
