<?xml version="1.0" encoding="UTF-8"?>
<!-- Generated by org.testng.reporters.JUnitReportReporter -->
<testsuite hostname="DESKTOP-B94R4DD" failures="0" tests="2" name="feb23_TestNG.IframeHandleAndWindowHandles" time="5.505" errors="0" timestamp="2026-02-23T19:05:49 IST" skipped="0">
  <testcase classname="feb23_TestNG.IframeHandleAndWindowHandles" name="iframeHandle" time="2.123"/>
  <testcase classname="feb23_TestNG.IframeHandleAndWindowHandles" name="windowHandles" time="3.382"/>
</testsuite> <!-- feb23_TestNG.IframeHandleAndWindowHandles -->
