<?xml version="1.0" encoding="UTF-8"?>
<!-- Generated by org.testng.reporters.JUnitReportReporter -->
<testsuite hostname="DESKTOP-B94R4DD" failures="0" tests="2" name="march24_TestNG.DynamicSearchAndListDropdown" time="44.196" errors="0" timestamp="2026-03-24T21:39:45 IST" skipped="0">
  <testcase classname="march24_TestNG.DynamicSearchAndListDropdown" name="dynamicSearchAndListDropdown_Exmple1" time="23.341"/>
  <testcase classname="march24_TestNG.DynamicSearchAndListDropdown" name="dynamicSearchAndListDropdown_Example2" time="20.855"/>
</testsuite> <!-- march24_TestNG.DynamicSearchAndListDropdown -->
