<?xml version="1.0" encoding="UTF-8"?>
<!-- Generated by org.testng.reporters.JUnitReportReporter -->
<testsuite hostname="DESKTOP-B94R4DD" failures="0" tests="2" name="march05_TestNG.IframeWithWindowHandles" time="5.812" errors="0" timestamp="2026-03-05T16:05:40 IST" skipped="0">
  <testcase classname="march05_TestNG.IframeWithWindowHandles" name="iframeHandles" time="0.988"/>
  <testcase classname="march05_TestNG.IframeWithWindowHandles" name="windowHandles" time="4.824"/>
</testsuite> <!-- march05_TestNG.IframeWithWindowHandles -->
