<?xml version="1.0" encoding="UTF-8"?>
<!-- Generated by org.testng.reporters.JUnitReportReporter -->
<testsuite hostname="DESKTOP-B94R4DD" failures="0" tests="4" name="feb24_TestNG.DataDrivenWithDataProviderAnnotation" time="127.062" errors="0" timestamp="2026-02-24T16:56:13 IST" skipped="0">
  <testcase classname="feb24_TestNG.DataDrivenWithDataProviderAnnotation" name="searchProduct" time="24.075"/>
  <testcase classname="feb24_TestNG.DataDrivenWithDataProviderAnnotation" name="searchProduct" time="23.550"/>
  <testcase classname="feb24_TestNG.DataDrivenWithDataProviderAnnotation" name="searchProduct" time="44.198"/>
  <testcase classname="feb24_TestNG.DataDrivenWithDataProviderAnnotation" name="searchProduct" time="35.239"/>
</testsuite> <!-- feb24_TestNG.DataDrivenWithDataProviderAnnotation -->
