<?xml version="1.0" encoding="UTF-8"?>
<!-- Generated by org.testng.reporters.JUnitReportReporter -->
<testsuite hostname="DESKTOP-B94R4DD" failures="0" tests="4" name="march09_TestNG.DataDrivenWithDataProviderAnnotation" time="54.798" errors="0" timestamp="2026-03-09T16:50:26 IST" skipped="0">
  <testcase classname="march09_TestNG.DataDrivenWithDataProviderAnnotation" name="myntraSearch" time="11.404"/>
  <testcase classname="march09_TestNG.DataDrivenWithDataProviderAnnotation" name="myntraSearch" time="14.337"/>
  <testcase classname="march09_TestNG.DataDrivenWithDataProviderAnnotation" name="myntraSearch" time="14.569"/>
  <testcase classname="march09_TestNG.DataDrivenWithDataProviderAnnotation" name="myntraSearch" time="14.488"/>
</testsuite> <!-- march09_TestNG.DataDrivenWithDataProviderAnnotation -->
