<?xml version="1.0" encoding="UTF-8"?>
<!-- Generated by org.testng.reporters.JUnitReportReporter -->
<testsuite hostname="DESKTOP-B94R4DD" failures="0" tests="2" name="march05_TestNG.DataDrivenWithUsingDataProviderAnnotation" time="39.958" errors="0" timestamp="2026-03-05T17:13:49 IST" skipped="0">
  <testcase classname="march05_TestNG.DataDrivenWithUsingDataProviderAnnotation" name="searchProductOnFlipkart" time="21.739"/>
  <testcase classname="march05_TestNG.DataDrivenWithUsingDataProviderAnnotation" name="searchProductOnFlipkart" time="18.219"/>
</testsuite> <!-- march05_TestNG.DataDrivenWithUsingDataProviderAnnotation -->
