<?xml version="1.0" encoding="UTF-8"?>
<!-- Generated by org.testng.reporters.JUnitReportReporter -->
<testsuite hostname="DESKTOP-B94R4DD" failures="0" tests="3" name="march24_TestNG.StaticDropdownBySelectClass" time="37.026" errors="0" timestamp="2026-03-24T21:33:23 IST" skipped="0">
  <testcase classname="march24_TestNG.StaticDropdownBySelectClass" name="amazonStaticDropdown_SelectByValue" time="11.013"/>
  <testcase classname="march24_TestNG.StaticDropdownBySelectClass" name="amazonStaticDropdown_SelectByIndex" time="12.380"/>
  <testcase classname="march24_TestNG.StaticDropdownBySelectClass" name="amazonStaticDropdown_SelectBySendKeysAction" time="13.633"/>
</testsuite> <!-- march24_TestNG.StaticDropdownBySelectClass -->
