<?xml version="1.0" encoding="UTF-8"?>
<!-- Generated by org.testng.reporters.JUnitReportReporter -->
<testsuite hostname="DESKTOP-B94R4DD" failures="0" tests="2" name="march16_TestNG.TC003_IframeHandleRobotClassAndWindowHandles" time="23.942" errors="0" timestamp="2026-03-17T18:26:59 IST" skipped="0">
  <testcase classname="march16_TestNG.TC003_IframeHandleRobotClassAndWindowHandles" name="switchToiFrame" time="7.737"/>
  <testcase classname="march16_TestNG.TC003_IframeHandleRobotClassAndWindowHandles" name="windowHandles" time="16.205"/>
</testsuite> <!-- march16_TestNG.TC003_IframeHandleRobotClassAndWindowHandles -->
