<?xml version="1.0" encoding="UTF-8"?>
<!-- Generated by org.testng.reporters.JUnitReportReporter -->
<testsuite hostname="DESKTOP-B94R4DD" failures="0" tests="2" name="march27_TestNG.DynamicSearchAndListDropdown" time="72.656" errors="0" timestamp="2026-03-27T18:12:46 IST" skipped="0">
  <testcase classname="march27_TestNG.DynamicSearchAndListDropdown" name="dynamicSearchAndListDropdown_Example1" time="32.576"/>
  <testcase classname="march27_TestNG.DynamicSearchAndListDropdown" name="dynamicSearchAndListDropdown_Example2" time="40.080"/>
</testsuite> <!-- march27_TestNG.DynamicSearchAndListDropdown -->
