<?xml version="1.0" encoding="UTF-8"?>
<!-- Generated by org.testng.reporters.JUnitReportReporter -->
<testsuite hostname="DESKTOP-B94R4DD" failures="0" tests="3" name="march23_TestNG.MouseHoverRightClickActionRobotClassAndWidnowHandles" time="5.947" errors="0" timestamp="2026-03-23T18:45:52 IST" skipped="0">
  <testcase classname="march23_TestNG.MouseHoverRightClickActionRobotClassAndWidnowHandles" name="mouseHoverRightClickAction" time="2.655"/>
  <testcase classname="march23_TestNG.MouseHoverRightClickActionRobotClassAndWidnowHandles" name="robotClass" time="1.131"/>
  <testcase classname="march23_TestNG.MouseHoverRightClickActionRobotClassAndWidnowHandles" name="windowHandles" time="2.161"/>
</testsuite> <!-- march23_TestNG.MouseHoverRightClickActionRobotClassAndWidnowHandles -->
