<?xml version="1.0" encoding="UTF-8"?>
<!-- Generated by org.testng.reporters.JUnitReportReporter -->
<testsuite hostname="DESKTOP-B94R4DD" failures="0" tests="2" name="march07_TestNG.DynamicSearchAndListDropdown" time="46.149" errors="0" timestamp="2026-03-08T00:21:42 IST" skipped="0">
  <testcase classname="march07_TestNG.DynamicSearchAndListDropdown" name="dynamicSearchAndListDorpdownExample1" time="19.322"/>
  <testcase classname="march07_TestNG.DynamicSearchAndListDropdown" name="dynamicSearchAndListDorpdownExample2" time="26.827"/>
</testsuite> <!-- march07_TestNG.DynamicSearchAndListDropdown -->
