<?xml version="1.0" encoding="UTF-8"?>
<!-- Generated by org.testng.reporters.JUnitReportReporter -->
<testsuite hostname="DESKTOP-B94R4DD" failures="0" tests="3" name="march27_TestNG.MouseHoverAction" time="7.371" errors="0" timestamp="2026-03-27T18:12:46 IST" skipped="0">
  <testcase classname="march27_TestNG.MouseHoverAction" name="mouseHoverAction" time="2.567"/>
  <testcase classname="march27_TestNG.MouseHoverAction" name="robotClass" time="1.356"/>
  <testcase classname="march27_TestNG.MouseHoverAction" name="windowHandle" time="3.448"/>
</testsuite> <!-- march27_TestNG.MouseHoverAction -->
