<?xml version="1.0" encoding="UTF-8"?>
<!-- Generated by org.testng.reporters.JUnitReportReporter -->
<testsuite hostname="DESKTOP-B94R4DD" failures="0" tests="3" name="march16_TestNG.TC001_StaticDropdownUsingSelectClass" time="39.315" errors="0" timestamp="2026-03-17T18:26:59 IST" skipped="0">
  <testcase classname="march16_TestNG.TC001_StaticDropdownUsingSelectClass" name="staticDropdownSelectByIndex" time="13.716"/>
  <testcase classname="march16_TestNG.TC001_StaticDropdownUsingSelectClass" name="staticDropdownSelectByValue" time="12.567"/>
  <testcase classname="march16_TestNG.TC001_StaticDropdownUsingSelectClass" name="staticDropdownUsingSendKeysActions" time="13.032"/>
</testsuite> <!-- march16_TestNG.TC001_StaticDropdownUsingSelectClass -->
