<?xml version="1.0" encoding="UTF-8"?>
<!-- Generated by org.testng.reporters.JUnitReportReporter -->
<testsuite hostname="DESKTOP-B94R4DD" failures="0" tests="2" name="feb16_TestNG.AmazonDynamicDropdown" time="37.603" errors="0" timestamp="2026-02-16T18:11:49 IST" skipped="0">
  <testcase classname="feb16_TestNG.AmazonDynamicDropdown" name="dynamicSearchAndDropdown" time="17.575"/>
  <testcase classname="feb16_TestNG.AmazonDynamicDropdown" name="dynamicSearchAndClick" time="20.028"/>
</testsuite> <!-- feb16_TestNG.AmazonDynamicDropdown -->
