<?xml version="1.0" encoding="UTF-8"?>
<!-- Generated by org.testng.reporters.JUnitReportReporter -->
<testsuite hostname="DESKTOP-B94R4DD" failures="0" tests="3" name="march23_TestNG.StaticDropdown" time="39.550" errors="0" timestamp="2026-03-23T18:45:52 IST" skipped="0">
  <testcase classname="march23_TestNG.StaticDropdown" name="staticDropdown_SelectByValue" time="12.752"/>
  <testcase classname="march23_TestNG.StaticDropdown" name="staticDropdown_SelectByIndex" time="13.694"/>
  <testcase classname="march23_TestNG.StaticDropdown" name="staticDropdown_SelectWithSendKeysAction" time="13.104"/>
</testsuite> <!-- march23_TestNG.StaticDropdown -->
