<?xml version="1.0" encoding="UTF-8"?>
<!-- Generated by org.testng.reporters.JUnitReportReporter -->
<testsuite hostname="DESKTOP-B94R4DD" failures="0" tests="3" name="feb16_TestNG.MouseHoverRobotClassAndWindowHandles" time="4.466" errors="0" timestamp="2026-02-16T15:47:40 IST" skipped="0">
  <testcase classname="feb16_TestNG.MouseHoverRobotClassAndWindowHandles" name="mouseHoverActionRightClick" time="1.555"/>
  <testcase classname="feb16_TestNG.MouseHoverRobotClassAndWindowHandles" name="robotClass" time="0.709"/>
  <testcase classname="feb16_TestNG.MouseHoverRobotClassAndWindowHandles" name="windowHandles" time="2.202"/>
</testsuite> <!-- feb16_TestNG.MouseHoverRobotClassAndWindowHandles -->
