<?xml version="1.0" encoding="UTF-8"?>
<!-- Generated by org.testng.reporters.JUnitReportReporter -->
<testsuite hostname="DESKTOP-B94R4DD" failures="0" tests="4" name="march24_TestNG.ExcelDrivenUtility" time="66.598" errors="0" timestamp="2026-03-24T16:01:08 IST" skipped="0">
  <testcase classname="march24_TestNG.ExcelDrivenUtility" name="searchProd" time="23.593"/>
  <testcase classname="march24_TestNG.ExcelDrivenUtility" name="searchProd" time="14.869"/>
  <testcase classname="march24_TestNG.ExcelDrivenUtility" name="searchProd" time="13.869"/>
  <testcase classname="march24_TestNG.ExcelDrivenUtility" name="searchProd" time="14.267"/>
</testsuite> <!-- march24_TestNG.ExcelDrivenUtility -->
