<?xml version="1.0" encoding="UTF-8"?>
<!-- Generated by org.testng.reporters.JUnitReportReporter -->
<testsuite hostname="DESKTOP-B94R4DD" failures="0" tests="2" name="march24_TestNG.DataDrivenWithDataProviderAnnotation" time="17.717" errors="0" timestamp="2026-03-24T21:33:23 IST" skipped="0">
  <testcase classname="march24_TestNG.DataDrivenWithDataProviderAnnotation" name="searchProd" time="8.119"/>
  <testcase classname="march24_TestNG.DataDrivenWithDataProviderAnnotation" name="searchProd" time="9.598"/>
</testsuite> <!-- march24_TestNG.DataDrivenWithDataProviderAnnotation -->
